<?xml version="1.0" encoding="UTF-8"?>
<!-- Generated by org.testng.reporters.JUnitReportReporter -->
<testsuite name="runner.TestNG_Runner" tests="1" time="0.000" ignored="0" failures="0" timestamp="04 Mar 2017 18:29:43 GMT" skipped="1" hostname="MY-PC" errors="0">
  <testcase name="feature" time="0.000" classname="runner.TestNG_Runner">
    <skipped/>
  </testcase> <!-- feature -->
</testsuite> <!-- runner.TestNG_Runner -->
